<?xml version="1.0" encoding="UTF-8"?>
<testsuite name="com.app.server.service.appbasicsetup.userrolemanagement.UserRoleBridgeTestCase" tests="7" skipped="0" failures="0" errors="0" timestamp="2016-05-11T11:00:08" hostname="913592064e86" time="0.991">
  <properties/>
  <testcase name="test1Save" classname="com.app.server.service.appbasicsetup.userrolemanagement.UserRoleBridgeTestCase" time="0.424"/>
  <testcase name="test2Update" classname="com.app.server.service.appbasicsetup.userrolemanagement.UserRoleBridgeTestCase" time="0.025"/>
  <testcase name="test3FindById" classname="com.app.server.service.appbasicsetup.userrolemanagement.UserRoleBridgeTestCase" time="0.007"/>
  <testcase name="test3findByroleId" classname="com.app.server.service.appbasicsetup.userrolemanagement.UserRoleBridgeTestCase" time="0.007"/>
  <testcase name="test3findByuserId" classname="com.app.server.service.appbasicsetup.userrolemanagement.UserRoleBridgeTestCase" time="0.007"/>
  <testcase name="test5NegativeTesting" classname="com.app.server.service.appbasicsetup.userrolemanagement.UserRoleBridgeTestCase" time="0.005"/>
  <testcase name="test6Delete" classname="com.app.server.service.appbasicsetup.userrolemanagement.UserRoleBridgeTestCase" time="0.513"/>
  <system-out><![CDATA[Wed May 11 11:00:08 UTC 2016|Log Manager Factory|Initialization Process started.....
Wed May 11 11:00:08 UTC 2016|Log Manager|Initialized with Path = [/home/applifire/workspace/test2/src/main/webapp/WEB-INF/conf]
Wed May 11 11:00:08 UTC 2016|Alarm Manager|Initialized with Path = [/home/applifire/workspace/test2/src/main/webapp/WEB-INF/conf]
Wed May 11 11:00:08 UTC 2016|Alarm Manager|Loading Alarms ......
Wed May 11 11:00:08 UTC 2016|Alarm XML Parser|FWA|XML Parsing Complete........ 
Wed May 11 11:00:08 UTC 2016|Alarm File Manager|FWA|Alarm File Status.. [ApplicationFrameworkAlarms.xml]|Version=15|Status=Done 
Wed May 11 11:00:08 UTC 2016|Alarm File Manager|FWA|Alarm Stats = ( BC/AL=4/374 SYS=4/9 [374/0]  TPL=0/0 [0/0]  APP= A.Map=[453]  E.Map EC/RC=[151/40] )
Wed May 11 11:00:08 UTC 2016|Alarm XML Parser|APP|XML Parsing Complete........ 
Wed May 11 11:00:08 UTC 2016|Alarm File Manager|APP|Alarm File Status.. [ApplicationAlarms.xml]|Version=1|Status=Done 
Wed May 11 11:00:08 UTC 2016|Alarm File Manager|APP|Alarm Stats = ( BC/AL=4/374 SYS=4/9 [374/0]  TPL=0/0 [0/0]  APP=0/0 [0/0]  A.Map=[453]  E.Map EC/RC=[151/40] )
Wed May 11 11:00:08 UTC 2016|ApplicationAlarmContext| <><><><><> Create App Alarms ....  <><><><><> 
Wed May 11 11:00:08 UTC 2016|ApplicationAlarmContext|Alarms are generated ONLY in Development Mode.. 
Wed May 11 11:00:08 UTC 2016|Alarm Manager|APP|Alarm Stats = ( BC/AL=4/374 SYS=4/9 [374/0]  TPL=0/0 [0/0]  APP=0/0 [0/0]  A.Map=[453]  E.Map EC/RC=[151/40] )
Wed May 11 11:00:08 UTC 2016|Alarm Manager|Initialized Exception Lookup...
Wed May 11 11:00:08 UTC 2016|Log Manager|Initialize Log Config File ......
Wed May 11 11:00:08 UTC 2016|Pluggable Connectors|Adding Connectors : StandardOutputConnector isEnabled=true isDefault=false isFallBack=true
Wed May 11 11:00:08 UTC 2016|Pluggable Connectors|Adding Connectors : StandardFileConnector isEnabled=true isDefault=false isFallBack=false
Wed May 11 11:00:08 UTC 2016|Pluggable Connectors|Adding Connectors : Sprinkler isEnabled=true isDefault=true isFallBack=false
Wed May 11 11:00:08 UTC 2016|Pluggable Connectors|Default Connector Name : com.spartan.logger.core.LogMessenger
Wed May 11 11:00:08 UTC 2016|Log Config Parser|Connector Least Log Level =[4]  FallBack Log Level =[3]
Wed May 11 11:00:08 UTC 2016|Log Manager|Loading Default Connector for Logging ......
Wed May 11 11:00:08 UTC 2016|Log Manager|Loading class .. com.spartan.logger.core.LogMessenger
Wed May 11 11:00:08 UTC 2016|Plugggable Connector|Connector class com.spartan.logger.core.LogMessenger Initialized... @ Log Level = 3
Wed May 11 11:00:08 UTC 2016|Log Manager|Starting the Default Connector [com.spartan.logger.core.LogMessenger@33742ed5] ....
Wed May 11 11:00:08 UTC 2016|Scheduler|Starting the Scheduler ......
Wed May 11 11:00:08 UTC 2016|Scheduler|Adding [LMID=[3fb999d8-6cb5-41d3-9262-92a8ad59b579]] Delay=5 Time Unit=MINUTES
Wed May 11 11:00:08 UTC 2016|Scheduler|Adding [App Alarm Manager File=[ApplicationAlarms.xml]] Delay=30 Time Unit=MINUTES
Wed May 11 11:00:08 UTC 2016|Scheduler|Adding [FW Alarm Manager File=[ApplicationFrameworkAlarms.xml]] Delay=3 Time Unit=MINUTES
Wed May 11 11:00:08 UTC 2016|Scheduler|Startup Completed..
Wed May 11 11:00:08 UTC 2016|Log Manager|Initialization Process Complete ......
Wed May 11 11:00:08 UTC 2016|Log Manager Factory|Log Manager READY! ID = 3fb999d8-6cb5-41d3-9262-92a8ad59b579
Wed May 11 11:00:08 UTC 2016|Unknown Alarm = ABSUM317100100 Alarm Split = ABS-UM-3-1-7-100-100
[EL Fine]: sql: 2016-05-11 11:00:08.055--ClientSession(1109210613)--Connection(2037357294)--Thread(Thread[Test worker,5,main])--INSERT INTO ast_UserAccessDomain_M (userAccessDomainId, domainDescription, domainHelp, domainIcon, domainName, userAccessDomain, versionId, createdBy, createdDate, updatedBy, updatedDate, activeStatus, txnAccessCode) VALUES (?, ?, ?, ?, ?, ?, ?, ?, ?, ?, ?, ?, ?)
	bind => [D301A1B5-83AE-4BB1-A5F7-6ECF557405BF, TsfCQobPY8yxwaIWPX5LBpyBRKWU10ZCzVBLKzVgcbVClXVXE1, B5gIqWZtxApf1A0KkRxv9N2tdUwhYknwccju7BcMaCecuylWFD, eGeEoDJIXz8RrDK8Yf5Pohb9NDnh0FutLaDetkHPgAAXYQkgVJ, sVHIVrmjZneGjYMguR5TsCFWARKlTmNqjNHOPJ7OtjjBHheqy1, 12846, 1, AAAAA, 2016-05-11 11:00:08.051, AAAAA, 2016-05-11 11:00:08.051, 1, 51000]
Wed May 11 11:00:08 UTC 2016|Unknown Alarm = ABSUM317100100 Alarm Split = ABS-UM-3-1-7-100-100
[EL Fine]: sql: 2016-05-11 11:00:08.112--ClientSession(1817318754)--Connection(2037357294)--Thread(Thread[Test worker,5,main])--INSERT INTO ast_UserAccessLevel_M (userAccessLevelId, levelDescription, levelHelp, levelIcon, levelName, userAccessLevel, versionId, createdBy, createdDate, updatedBy, updatedDate, activeStatus, txnAccessCode) VALUES (?, ?, ?, ?, ?, ?, ?, ?, ?, ?, ?, ?, ?)
	bind => [FAAB909F-425B-4472-9896-BB2AD9A73629, gNZrKQVkTSlOnJEnj8A9xA8dez04WQKGYPIqa9x8nL3nB0M6I0, iyEWt7iWpRJ4mf84OZIIfDVPSTbNRBtDhhcc5GNpqQsUMTJ7sA, 2PFZjRNhj3QrT05VRWZH0I26EpzLI3f64YVe5u5t0i7S4LKPSW, 8eOapWKLFSapcC1dlYah07CWFSUDzvBrIpfBN0j3fRKLsemZsq, 66856, 1, AAAAA, 2016-05-11 11:00:08.108, AAAAA, 2016-05-11 11:00:08.108, 1, 51000]
Wed May 11 11:00:08 UTC 2016|Unknown Alarm = ABSUM317100100 Alarm Split = ABS-UM-3-1-7-100-100
[EL Fine]: sql: 2016-05-11 11:00:08.202--ClientSession(590329301)--Connection(2037357294)--Thread(Thread[Test worker,5,main])--INSERT INTO ast_Question_M (questionId, levelid, question, questionDetails, questionIcon, versionId, createdBy, createdDate, updatedBy, updatedDate, activeStatus, txnAccessCode) VALUES (?, ?, ?, ?, ?, ?, ?, ?, ?, ?, ?, ?)
	bind => [6B6F653D-C453-465F-9DD0-D7729A3D19A5, 5, BS9160F67UJT8pAheBnHtpO2O7aVxd3ylcFO8nDapTo1aisav6, K7nSEdR5Ue, QaJpm14ckxU9yFjY8ZbiWlkkgMlkTDPTFBwXRb4X6FUBgqzoGk, 1, AAAAA, 2016-05-11 11:00:08.197, AAAAA, 2016-05-11 11:00:08.197, 1, 51000]
Wed May 11 11:00:08 UTC 2016|Unknown Alarm = ABSUM317100100 Alarm Split = ABS-UM-3-1-7-100-100
[EL Fine]: sql: 2016-05-11 11:00:08.258--ClientSession(1216967978)--Connection(2037357294)--Thread(Thread[Test worker,5,main])--INSERT INTO ast_User_T (userId, allowMultipleLogin, changePasswordNextLogin, genTempOneTimePassword, isDeleted, isLocked, lastPasswordChangeDate, multiFactorAuthEnabled, passwordAlgo, passwordExpiryDate, sessionTimeout, userAccessCode, userAccessDomainId, userAccessLevelId, versionId, createdBy, createdDate, updatedBy, updatedDate, activeStatus, txnAccessCode) VALUES (?, ?, ?, ?, ?, ?, ?, ?, ?, ?, ?, ?, ?, ?, ?, ?, ?, ?, ?, ?, ?)
	bind => [C058D5DD-A6C6-48DD-B85F-8E7467C2DB8A, 1, 1, 1, 1, 1, 2016-05-11 10:50:30.384, 1, Nm05CRZZf7rLfOZmYYIDlfn09iqmBCZnXA1WfyveZxpwMXOOP2, 2016-05-11 10:50:30.384, 2339, 31342, D301A1B5-83AE-4BB1-A5F7-6ECF557405BF, FAAB909F-425B-4472-9896-BB2AD9A73629, 1, AAAAA, 2016-05-11 11:00:08.051, AAAAA, 2016-05-11 11:00:08.051, 1, 51000]
[EL Fine]: sql: 2016-05-11 11:00:08.26--ClientSession(1216967978)--Connection(2037357294)--Thread(Thread[Test worker,5,main])--INSERT INTO ast_PassRecovery_TP (passRecoveryId, answer, questionId, versionId, createdBy, createdDate, updatedBy, updatedDate, activeStatus, txnAccessCode, userId) VALUES (?, ?, ?, ?, ?, ?, ?, ?, ?, ?, ?)
	bind => [C8AAF46A-D745-45D3-A5B0-333EB1B9F2CC, OvhTv12AG6qdda8PmN7PWMtiTrGw68xu8OYALE4Vfie1iBoiwB, 6B6F653D-C453-465F-9DD0-D7729A3D19A5, 1, AAAAA, 2016-05-11 11:00:08.197, AAAAA, 2016-05-11 11:00:08.197, 1, 51000, C058D5DD-A6C6-48DD-B85F-8E7467C2DB8A]
[EL Fine]: sql: 2016-05-11 11:00:08.261--ClientSession(1216967978)--Connection(2037357294)--Thread(Thread[Test worker,5,main])--INSERT INTO ast_UserData_TP (userDataId, last5Passwords, oneTimePassword, oneTimePasswordExpiry, oneTimePasswordGenDate, password, versionId, createdBy, createdDate, updatedBy, updatedDate, activeStatus, txnAccessCode, userId) VALUES (?, ?, ?, ?, ?, ?, ?, ?, ?, ?, ?, ?, ?, ?)
	bind => [5962C691-36B0-41B7-B35F-4B83E38A2C1C, KR9VfHN1o2cyglHztXrKMwavENVxkgf7NggtLHoWVPGgHGB70s, ZlpKJLeU1LfHyCImUsAUvgxdPhRZWUlY, 4, 2016-05-11 10:50:30.561, gPZFKbAT2zmVaFTWgtb5OP7vOkobAI607rK4Cu26FP0ilWD8HZ, 1, AAAAA, 2016-05-11 11:00:08.253, AAAAA, 2016-05-11 11:00:08.253, 1, 51000, C058D5DD-A6C6-48DD-B85F-8E7467C2DB8A]
[EL Fine]: sql: 2016-05-11 11:00:08.301--ClientSession(499802377)--Connection(2037357294)--Thread(Thread[Test worker,5,main])--INSERT INTO ast_Roles_T (roleId, RoleDescription, roleHelp, RoleIcon, RoleName, versionId, createdBy, createdDate, updatedBy, updatedDate, activeStatus, txnAccessCode) VALUES (?, ?, ?, ?, ?, ?, ?, ?, ?, ?, ?, ?)
	bind => [7B1E70F8-F440-46E3-8214-D660A7E8DFBB, xWTg4hI0n4iRBp1xMetFiekAflEj8SZi0q6rVP4bIDE61vloV0, OmYU2ieCSrDni2T9LlCvn4tBTkDiHf3n1PCJ3eQDhjLzvBoAln, mnufQLLiz9XoFJVfV3sODzwNr8SvNx9kYFGrT9loqhtHWlOMvC, JITau0JpGLJJmdMd1OtYSzRAjZu9IrSPzrS821obY766oMt1pW, 1, AAAAA, 2016-05-11 11:00:08.297, AAAAA, 2016-05-11 11:00:08.297, 1, 51000]
Setting logged in user info for ADD
[EL Fine]: sql: 2016-05-11 11:00:08.367--ClientSession(697278145)--Connection(2037357294)--Thread(Thread[Test worker,5,main])--INSERT INTO ast_UserRoleBridge_T (roleUserMapId, roleId, userId, versionId, createdBy, createdDate, updatedBy, updatedDate, activeStatus, txnAccessCode) VALUES (?, ?, ?, ?, ?, ?, ?, ?, ?, ?)
	bind => [B7EA1747-5309-41D2-917A-C1BEE5BB072F, 7B1E70F8-F440-46E3-8214-D660A7E8DFBB, C058D5DD-A6C6-48DD-B85F-8E7467C2DB8A, 1, AAAAA, 2016-05-11 11:00:08.364, AAAAA, 2016-05-11 11:00:08.364, 1, 51000]
[EL Fine]: sql: 2016-05-11 11:00:08.468--ClientSession(1175257756)--Connection(2037357294)--Thread(Thread[Test worker,5,main])--SELECT roleUserMapId, roleId, userId, versionId, createdBy, createdDate, updatedBy, updatedDate, activeStatus, txnAccessCode FROM ast_UserRoleBridge_T WHERE ((activeStatus = ?) AND (roleUserMapId = ?))
	bind => [1, B7EA1747-5309-41D2-917A-C1BEE5BB072F]
Setting logged in user info for UPDATE
[EL Fine]: sql: 2016-05-11 11:00:08.476--ClientSession(1228037048)--Connection(2037357294)--Thread(Thread[Test worker,5,main])--SELECT roleUserMapId, roleId, userId, versionId, createdBy, createdDate, updatedBy, updatedDate, activeStatus, txnAccessCode FROM ast_UserRoleBridge_T WHERE (roleUserMapId = ?)
	bind => [B7EA1747-5309-41D2-917A-C1BEE5BB072F]
[EL Fine]: sql: 2016-05-11 11:00:08.486--ClientSession(509384364)--Connection(2037357294)--Thread(Thread[Test worker,5,main])--SELECT roleUserMapId, roleId, userId, versionId, createdBy, createdDate, updatedBy, updatedDate, activeStatus, txnAccessCode FROM ast_UserRoleBridge_T WHERE ((activeStatus = ?) AND (roleUserMapId = ?))
	bind => [1, B7EA1747-5309-41D2-917A-C1BEE5BB072F]
[EL Fine]: sql: 2016-05-11 11:00:08.494--ClientSession(640607709)--Connection(2037357294)--Thread(Thread[Test worker,5,main])--SELECT roleUserMapId, roleId, userId, versionId, createdBy, createdDate, updatedBy, updatedDate, activeStatus, txnAccessCode FROM ast_UserRoleBridge_T WHERE ((activeStatus = ?) AND (roleId = ?))
	bind => [1, 7B1E70F8-F440-46E3-8214-D660A7E8DFBB]
[EL Fine]: sql: 2016-05-11 11:00:08.501--ClientSession(1866106050)--Connection(2037357294)--Thread(Thread[Test worker,5,main])--SELECT roleUserMapId, roleId, userId, versionId, createdBy, createdDate, updatedBy, updatedDate, activeStatus, txnAccessCode FROM ast_UserRoleBridge_T WHERE ((activeStatus = ?) AND (userId = ?))
	bind => [1, C058D5DD-A6C6-48DD-B85F-8E7467C2DB8A]
[EL Fine]: sql: 2016-05-11 11:00:08.513--ClientSession(1287374590)--Connection(2037357294)--Thread(Thread[Test worker,5,main])--SELECT roleUserMapId, roleId, userId, versionId, createdBy, createdDate, updatedBy, updatedDate, activeStatus, txnAccessCode FROM ast_UserRoleBridge_T WHERE (roleUserMapId = ?)
	bind => [B7EA1747-5309-41D2-917A-C1BEE5BB072F]
[EL Fine]: sql: 2016-05-11 11:00:08.515--ClientSession(1287374590)--Connection(2037357294)--Thread(Thread[Test worker,5,main])--DELETE FROM ast_UserRoleBridge_T WHERE ((roleUserMapId = ?) AND (versionId = ?))
	bind => [B7EA1747-5309-41D2-917A-C1BEE5BB072F, 1]
[EL Fine]: sql: 2016-05-11 11:00:08.555--ClientSession(257999374)--Connection(2037357294)--Thread(Thread[Test worker,5,main])--SELECT roleId, RoleDescription, roleHelp, RoleIcon, RoleName, versionId, createdBy, createdDate, updatedBy, updatedDate, activeStatus, txnAccessCode FROM ast_Roles_T WHERE (roleId = ?)
	bind => [7B1E70F8-F440-46E3-8214-D660A7E8DFBB]
[EL Fine]: sql: 2016-05-11 11:00:08.558--ClientSession(257999374)--Connection(2037357294)--Thread(Thread[Test worker,5,main])--SELECT roleMenuMapId, isExecute, isRead, isWrite, menuId, versionId, createdBy, createdDate, updatedBy, updatedDate, activeStatus, txnAccessCode, roleId FROM ast_RoleMenuBridge_TP WHERE (roleId = ?)
	bind => [7B1E70F8-F440-46E3-8214-D660A7E8DFBB]
[EL Fine]: sql: 2016-05-11 11:00:08.56--ClientSession(257999374)--Connection(2037357294)--Thread(Thread[Test worker,5,main])--DELETE FROM ast_Roles_T WHERE ((roleId = ?) AND (versionId = ?))
	bind => [7B1E70F8-F440-46E3-8214-D660A7E8DFBB, 1]
[EL Fine]: sql: 2016-05-11 11:00:08.629--ClientSession(1631694724)--Connection(2037357294)--Thread(Thread[Test worker,5,main])--SELECT userId, allowMultipleLogin, changePasswordNextLogin, genTempOneTimePassword, isDeleted, isLocked, lastPasswordChangeDate, multiFactorAuthEnabled, passwordAlgo, passwordExpiryDate, sessionTimeout, userAccessCode, userAccessDomainId, userAccessLevelId, versionId, createdBy, createdDate, updatedBy, updatedDate, activeStatus, txnAccessCode FROM ast_User_T WHERE (userId = ?)
	bind => [C058D5DD-A6C6-48DD-B85F-8E7467C2DB8A]
[EL Fine]: sql: 2016-05-11 11:00:08.63--ClientSession(1631694724)--Connection(2037357294)--Thread(Thread[Test worker,5,main])--SELECT userDataId, last5Passwords, oneTimePassword, oneTimePasswordExpiry, oneTimePasswordGenDate, password, versionId, createdBy, createdDate, updatedBy, updatedDate, activeStatus, txnAccessCode, userId FROM ast_UserData_TP WHERE (userId = ?)
	bind => [C058D5DD-A6C6-48DD-B85F-8E7467C2DB8A]
[EL Fine]: sql: 2016-05-11 11:00:08.632--ClientSession(1631694724)--Connection(2037357294)--Thread(Thread[Test worker,5,main])--SELECT passRecoveryId, answer, questionId, versionId, createdBy, createdDate, updatedBy, updatedDate, activeStatus, txnAccessCode, userId FROM ast_PassRecovery_TP WHERE (userId = ?)
	bind => [C058D5DD-A6C6-48DD-B85F-8E7467C2DB8A]
Wed May 11 11:00:08 UTC 2016|Unknown Alarm = ABSUM317100100 Alarm Split = ABS-UM-3-1-7-100-100
[EL Fine]: sql: 2016-05-11 11:00:08.633--ClientSession(1631694724)--Connection(2037357294)--Thread(Thread[Test worker,5,main])--DELETE FROM ast_UserData_TP WHERE ((userDataId = ?) AND (versionId = ?))
	bind => [5962C691-36B0-41B7-B35F-4B83E38A2C1C, 1]
[EL Fine]: sql: 2016-05-11 11:00:08.634--ClientSession(1631694724)--Connection(2037357294)--Thread(Thread[Test worker,5,main])--DELETE FROM ast_PassRecovery_TP WHERE ((passRecoveryId = ?) AND (versionId = ?))
	bind => [C8AAF46A-D745-45D3-A5B0-333EB1B9F2CC, 1]
[EL Fine]: sql: 2016-05-11 11:00:08.635--ClientSession(1631694724)--Connection(2037357294)--Thread(Thread[Test worker,5,main])--DELETE FROM ast_User_T WHERE ((userId = ?) AND (versionId = ?))
	bind => [C058D5DD-A6C6-48DD-B85F-8E7467C2DB8A, 1]
[EL Fine]: sql: 2016-05-11 11:00:08.843--ClientSession(914727520)--Connection(2037357294)--Thread(Thread[Test worker,5,main])--SELECT questionId, levelid, question, questionDetails, questionIcon, versionId, createdBy, createdDate, updatedBy, updatedDate, activeStatus, txnAccessCode FROM ast_Question_M WHERE (questionId = ?)
	bind => [6B6F653D-C453-465F-9DD0-D7729A3D19A5]
Wed May 11 11:00:08 UTC 2016|Unknown Alarm = ABSUM317100100 Alarm Split = ABS-UM-3-1-7-100-100
[EL Fine]: sql: 2016-05-11 11:00:08.845--ClientSession(914727520)--Connection(2037357294)--Thread(Thread[Test worker,5,main])--DELETE FROM ast_Question_M WHERE ((questionId = ?) AND (versionId = ?))
	bind => [6B6F653D-C453-465F-9DD0-D7729A3D19A5, 1]
[EL Fine]: sql: 2016-05-11 11:00:08.922--ClientSession(108604790)--Connection(2037357294)--Thread(Thread[Test worker,5,main])--SELECT userAccessLevelId, levelDescription, levelHelp, levelIcon, levelName, userAccessLevel, versionId, createdBy, createdDate, updatedBy, updatedDate, activeStatus, txnAccessCode FROM ast_UserAccessLevel_M WHERE (userAccessLevelId = ?)
	bind => [FAAB909F-425B-4472-9896-BB2AD9A73629]
Wed May 11 11:00:08 UTC 2016|Unknown Alarm = ABSUM317100100 Alarm Split = ABS-UM-3-1-7-100-100
[EL Fine]: sql: 2016-05-11 11:00:08.924--ClientSession(108604790)--Connection(2037357294)--Thread(Thread[Test worker,5,main])--DELETE FROM ast_UserAccessLevel_M WHERE ((userAccessLevelId = ?) AND (versionId = ?))
	bind => [FAAB909F-425B-4472-9896-BB2AD9A73629, 1]
[EL Fine]: sql: 2016-05-11 11:00:08.966--ClientSession(362567091)--Connection(2037357294)--Thread(Thread[Test worker,5,main])--SELECT userAccessDomainId, domainDescription, domainHelp, domainIcon, domainName, userAccessDomain, versionId, createdBy, createdDate, updatedBy, updatedDate, activeStatus, txnAccessCode FROM ast_UserAccessDomain_M WHERE (userAccessDomainId = ?)
	bind => [D301A1B5-83AE-4BB1-A5F7-6ECF557405BF]
Wed May 11 11:00:08 UTC 2016|Unknown Alarm = ABSUM317100100 Alarm Split = ABS-UM-3-1-7-100-100
[EL Fine]: sql: 2016-05-11 11:00:08.968--ClientSession(362567091)--Connection(2037357294)--Thread(Thread[Test worker,5,main])--DELETE FROM ast_UserAccessDomain_M WHERE ((userAccessDomainId = ?) AND (versionId = ?))
	bind => [D301A1B5-83AE-4BB1-A5F7-6ECF557405BF, 1]
]]></system-out>
  <system-err><![CDATA[]]></system-err>
</testsuite>
